<?xml version="1.0" encoding="UTF-8"?>
<!-- Generated by org.testng.reporters.JUnitXMLReporter -->
<testsuite hostname="LAPTOP-1S8BALK3" name="Default test" tests="7" failures="0" timestamp="20 Aug 2018 03:27:27 GMT" time="1.802" errors="0">
  <testcase name="testCheckDealInfo" time="0.017" classname="com.niudong.demo.service.impl.CoinServiceImplTest"/>
  <testcase name="testCreateBlockToAlliance" time="0.035" classname="com.niudong.demo.service.impl.CoinServiceImplTest"/>
  <testcase name="testDeal" time="0.003" classname="com.niudong.demo.service.impl.CoinServiceImplTest"/>
  <testcase name="testGetAllCoinBalances" time="0.007" classname="com.niudong.demo.service.impl.CoinServiceImplTest"/>
  <testcase name="testInsertBlockCostToAlliance" time="0.007" classname="com.niudong.demo.service.impl.CoinServiceImplTest"/>
  <testcase name="testProcessDeal" time="0.047" classname="com.niudong.demo.service.impl.CoinServiceImplTest"/>
  <testcase name="testSaveIntoTable" time="0.008" classname="com.niudong.demo.service.impl.CoinServiceImplTest"/>
</testsuite> <!-- Default test -->
